<?xml version="1.0" encoding="UTF-8"?>
<testng-results skipped="0" failed="0" ignored="0" total="1" passed="1">
  <reporter-output>
  </reporter-output>
  <suite name="Default suite" duration-ms="4545" started-at="2019-10-14T18:55:18Z" finished-at="2019-10-14T18:55:22Z">
    <groups>
    </groups>
    <test name="Default test" duration-ms="4545" started-at="2019-10-14T18:55:18Z" finished-at="2019-10-14T18:55:22Z">
      <class name="autoFramework.TestTwitch">
        <test-method status="PASS" signature="beforeMethod()[pri:0, instance:autoFramework.TestTwitch@6a024a67]" name="beforeMethod" is-config="true" duration-ms="3350" started-at="2019-10-14T14:55:18Z" finished-at="2019-10-14T14:55:21Z">
          <reporter-output>
          </reporter-output>
        </test-method> <!-- beforeMethod -->
        <test-method status="PASS" signature="testUrl()[pri:0, instance:autoFramework.TestTwitch@6a024a67]" name="testUrl" duration-ms="16" started-at="2019-10-14T14:55:21Z" finished-at="2019-10-14T14:55:21Z">
          <reporter-output>
          </reporter-output>
        </test-method> <!-- testUrl -->
        <test-method status="PASS" signature="afterMethod()[pri:0, instance:autoFramework.TestTwitch@6a024a67]" name="afterMethod" is-config="true" duration-ms="1149" started-at="2019-10-14T14:55:21Z" finished-at="2019-10-14T14:55:22Z">
          <reporter-output>
          </reporter-output>
        </test-method> <!-- afterMethod -->
      </class> <!-- autoFramework.TestTwitch -->
    </test> <!-- Default test -->
  </suite> <!-- Default suite -->
</testng-results>
